10:03:29.579 [main] INFO  testCases.TC001_AccountRegistrationTest - Staring TC001_AccountRegistrationTest...
10:03:30.873 [main] INFO  testCases.TC001_AccountRegistrationTest - Entered First Name...
10:03:31.047 [main] INFO  testCases.TC001_AccountRegistrationTest - Entered Last Name...
10:03:31.199 [main] INFO  testCases.TC001_AccountRegistrationTest - Entered Email with random name...
10:03:31.314 [main] INFO  testCases.TC001_AccountRegistrationTest - Entered Password...
10:06:53.410 [main] INFO  testCases.TC001_AccountRegistrationTest - Staring TC001_AccountRegistrationTest...
10:06:55.602 [main] INFO  testCases.TC001_AccountRegistrationTest - Entered First Name...
10:06:57.795 [main] INFO  testCases.TC001_AccountRegistrationTest - Entered Last Name...
10:06:58.948 [main] INFO  testCases.TC001_AccountRegistrationTest - Entered Email with random name...
10:06:59.812 [main] INFO  testCases.TC001_AccountRegistrationTest - Entered Password...
10:07:01.641 [main] INFO  testCases.TC001_AccountRegistrationTest - Clicked on Continue button
10:08:07.062 [main] DEBUG io.netty.util.internal.logging.InternalLoggerFactory - Using Log4J2 as the default logging framework
10:08:07.076 [main] DEBUG io.netty.util.ResourceLeakDetector - -Dio.netty.leakDetection.level: simple
10:08:07.076 [main] DEBUG io.netty.util.ResourceLeakDetector - -Dio.netty.leakDetection.targetRecords: 4
10:08:07.084 [main] DEBUG io.netty.util.ResourceLeakDetectorFactory - Loaded default ResourceLeakDetector: io.netty.util.ResourceLeakDetector@2a2da905
10:08:07.115 [main] DEBUG io.netty.util.internal.PlatformDependent0 - -Dio.netty.noUnsafe: false
10:08:07.115 [main] DEBUG io.netty.util.internal.PlatformDependent0 - Java version: 13
10:08:07.117 [main] DEBUG io.netty.util.internal.PlatformDependent0 - sun.misc.Unsafe.theUnsafe: available
10:08:07.119 [main] DEBUG io.netty.util.internal.PlatformDependent0 - sun.misc.Unsafe.copyMemory: available
10:08:07.121 [main] DEBUG io.netty.util.internal.PlatformDependent0 - sun.misc.Unsafe.storeFence: available
10:08:07.122 [main] DEBUG io.netty.util.internal.PlatformDependent0 - java.nio.Buffer.address: available
10:08:07.124 [main] DEBUG io.netty.util.internal.PlatformDependent0 - direct buffer constructor: unavailable: Reflective setAccessible(true) disabled
10:08:07.126 [main] DEBUG io.netty.util.internal.PlatformDependent0 - java.nio.Bits.unaligned: available, true
10:08:07.129 [main] DEBUG io.netty.util.internal.PlatformDependent0 - jdk.internal.misc.Unsafe.allocateUninitializedArray(int): unavailable: class io.netty.util.internal.PlatformDependent0$7 cannot access class jdk.internal.misc.Unsafe (in module java.base) because module java.base does not export jdk.internal.misc to unnamed module @7927bd9f
10:08:07.131 [main] DEBUG io.netty.util.internal.PlatformDependent0 - java.nio.DirectByteBuffer.<init>(long, int): unavailable
10:08:07.132 [main] DEBUG io.netty.util.internal.PlatformDependent - sun.misc.Unsafe: available
10:08:07.133 [main] DEBUG io.netty.util.internal.PlatformDependent - maxDirectMemory: 2120220672 bytes (maybe)
10:08:07.134 [main] DEBUG io.netty.util.internal.PlatformDependent - -Dio.netty.tmpdir: C:\Users\HP\AppData\Local\Temp (java.io.tmpdir)
10:08:07.134 [main] DEBUG io.netty.util.internal.PlatformDependent - -Dio.netty.bitMode: 64 (sun.arch.data.model)
10:08:07.135 [main] DEBUG io.netty.util.internal.PlatformDependent - Platform: Windows
10:08:07.137 [main] DEBUG io.netty.util.internal.PlatformDependent - -Dio.netty.maxDirectMemory: -1 bytes
10:08:07.137 [main] DEBUG io.netty.util.internal.PlatformDependent - -Dio.netty.uninitializedArrayAllocationThreshold: -1
10:08:07.139 [main] DEBUG io.netty.util.internal.CleanerJava9 - java.nio.ByteBuffer.cleaner(): available
10:08:07.140 [main] DEBUG io.netty.util.internal.PlatformDependent - -Dio.netty.noPreferDirect: false
10:08:07.154 [main] DEBUG io.netty.util.internal.PlatformDependent - org.jctools-core.MpscChunkedArrayQueue: available
10:08:07.187 [main] DEBUG io.netty.util.internal.InternalThreadLocalMap - -Dio.netty.threadLocalMap.stringBuilder.initialSize: 1024
10:08:07.188 [main] DEBUG io.netty.util.internal.InternalThreadLocalMap - -Dio.netty.threadLocalMap.stringBuilder.maxSize: 4096
10:08:07.448 [main] DEBUG io.netty.handler.ssl.JdkSslContext - Default protocols (JDK): [TLSv1.3, TLSv1.2, TLSv1.1, TLSv1] 
10:08:07.449 [main] DEBUG io.netty.handler.ssl.JdkSslContext - Default cipher suites (JDK): [TLS_ECDHE_ECDSA_WITH_AES_256_GCM_SHA384, TLS_ECDHE_ECDSA_WITH_AES_128_GCM_SHA256, TLS_ECDHE_RSA_WITH_AES_128_GCM_SHA256, TLS_ECDHE_RSA_WITH_AES_256_GCM_SHA384, TLS_ECDHE_RSA_WITH_AES_128_CBC_SHA, TLS_ECDHE_RSA_WITH_AES_256_CBC_SHA, TLS_RSA_WITH_AES_128_GCM_SHA256, TLS_RSA_WITH_AES_128_CBC_SHA, TLS_RSA_WITH_AES_256_CBC_SHA, TLS_AES_128_GCM_SHA256, TLS_AES_256_GCM_SHA384]
10:08:07.468 [main] DEBUG io.netty.util.concurrent.GlobalEventExecutor - -Dio.netty.globalEventExecutor.quietPeriodSeconds: 1
10:08:07.489 [main] DEBUG io.netty.channel.MultithreadEventLoopGroup - -Dio.netty.eventLoopThreads: 8
10:08:07.534 [main] DEBUG io.netty.channel.nio.NioEventLoop - -Dio.netty.noKeySetOptimization: false
10:08:07.534 [main] DEBUG io.netty.channel.nio.NioEventLoop - -Dio.netty.selectorAutoRebuildThreshold: 512
10:08:07.894 [main] DEBUG io.netty.buffer.PooledByteBufAllocator - -Dio.netty.allocator.numHeapArenas: 8
10:08:07.894 [main] DEBUG io.netty.buffer.PooledByteBufAllocator - -Dio.netty.allocator.numDirectArenas: 8
10:08:07.894 [main] DEBUG io.netty.buffer.PooledByteBufAllocator - -Dio.netty.allocator.pageSize: 8192
10:08:07.894 [main] DEBUG io.netty.buffer.PooledByteBufAllocator - -Dio.netty.allocator.maxOrder: 9
10:08:07.895 [main] DEBUG io.netty.buffer.PooledByteBufAllocator - -Dio.netty.allocator.chunkSize: 4194304
10:08:07.895 [main] DEBUG io.netty.buffer.PooledByteBufAllocator - -Dio.netty.allocator.smallCacheSize: 256
10:08:07.895 [main] DEBUG io.netty.buffer.PooledByteBufAllocator - -Dio.netty.allocator.normalCacheSize: 64
10:08:07.895 [main] DEBUG io.netty.buffer.PooledByteBufAllocator - -Dio.netty.allocator.maxCachedBufferCapacity: 32768
10:08:07.895 [main] DEBUG io.netty.buffer.PooledByteBufAllocator - -Dio.netty.allocator.cacheTrimInterval: 8192
10:08:07.896 [main] DEBUG io.netty.buffer.PooledByteBufAllocator - -Dio.netty.allocator.cacheTrimIntervalMillis: 0
10:08:07.896 [main] DEBUG io.netty.buffer.PooledByteBufAllocator - -Dio.netty.allocator.useCacheForAllThreads: false
10:08:07.896 [main] DEBUG io.netty.buffer.PooledByteBufAllocator - -Dio.netty.allocator.maxCachedByteBuffersPerChunk: 1023
10:08:07.911 [main] DEBUG io.netty.buffer.ByteBufUtil - -Dio.netty.allocator.type: pooled
10:08:07.911 [main] DEBUG io.netty.buffer.ByteBufUtil - -Dio.netty.threadLocalDirectBufferSize: 0
10:08:07.911 [main] DEBUG io.netty.buffer.ByteBufUtil - -Dio.netty.maxThreadLocalCharBufferSize: 16384
10:08:08.871 [Forwarding newSession on session null to remote] DEBUG io.netty.channel.DefaultChannelId - -Dio.netty.processId: 17132 (auto-detected)
10:08:08.875 [Forwarding newSession on session null to remote] DEBUG io.netty.util.NetUtil - -Djava.net.preferIPv4Stack: false
10:08:08.875 [Forwarding newSession on session null to remote] DEBUG io.netty.util.NetUtil - -Djava.net.preferIPv6Addresses: false
10:08:09.191 [Forwarding newSession on session null to remote] DEBUG io.netty.util.NetUtilInitializations - Loopback interface: lo (Software Loopback Interface 1, 127.0.0.1)
10:08:09.192 [Forwarding newSession on session null to remote] DEBUG io.netty.util.NetUtil - Failed to get SOMAXCONN from sysctl and file \proc\sys\net\core\somaxconn. Default: 200
10:08:09.200 [Forwarding newSession on session null to remote] DEBUG io.netty.channel.DefaultChannelId - -Dio.netty.machineId: 94:e9:79:ff:fe:58:79:fb (auto-detected)
10:08:09.276 [AsyncHttpClient-1-2] DEBUG io.netty.buffer.AbstractByteBuf - -Dio.netty.buffer.checkAccessible: true
10:08:09.280 [AsyncHttpClient-1-2] DEBUG io.netty.buffer.AbstractByteBuf - -Dio.netty.buffer.checkBounds: true
10:08:09.280 [AsyncHttpClient-1-2] DEBUG io.netty.util.ResourceLeakDetectorFactory - Loaded default ResourceLeakDetector: io.netty.util.ResourceLeakDetector@33b1e71e
10:08:09.323 [AsyncHttpClient-1-2] DEBUG io.netty.util.Recycler - -Dio.netty.recycler.maxCapacityPerThread: 4096
10:08:09.323 [AsyncHttpClient-1-2] DEBUG io.netty.util.Recycler - -Dio.netty.recycler.ratio: 8
10:08:09.324 [AsyncHttpClient-1-2] DEBUG io.netty.util.Recycler - -Dio.netty.recycler.chunkSize: 32
10:08:09.324 [AsyncHttpClient-1-2] DEBUG io.netty.util.Recycler - -Dio.netty.recycler.blocking: false
10:08:09.324 [AsyncHttpClient-1-2] DEBUG io.netty.util.Recycler - -Dio.netty.recycler.batchFastThreadLocalOnly: true
10:08:10.603 [AsyncHttpClient-1-2] DEBUG io.netty.handler.codec.compression.Brotli - brotli4j not in the classpath; Brotli support will be unavailable.
10:08:10.986 [main] DEBUG io.netty.util.internal.ThreadLocalRandom - -Dio.netty.initialSeedUniquifier: 0x463ab5ad60475fa7
10:08:13.550 [main] DEBUG testCases.TC001_AccountRegistrationTest - application logs.....
10:08:13.551 [main] INFO  testCases.TC001_AccountRegistrationTest - Staring TC001_AccountRegistrationTest...
10:08:15.612 [main] INFO  testCases.TC001_AccountRegistrationTest - Entered First Name...
10:08:15.744 [main] INFO  testCases.TC001_AccountRegistrationTest - Entered Last Name...
10:08:15.892 [main] INFO  testCases.TC001_AccountRegistrationTest - Entered Email with random name...
10:08:16.021 [main] INFO  testCases.TC001_AccountRegistrationTest - Entered Password...
10:14:49.928 [main] INFO  testCases.TC001_AccountRegistrationTest - Staring TC001_AccountRegistrationTest...
10:14:51.677 [main] INFO  testCases.TC001_AccountRegistrationTest - Entered First Name...
10:14:51.834 [main] INFO  testCases.TC001_AccountRegistrationTest - Entered Last Name...
10:14:51.977 [main] INFO  testCases.TC001_AccountRegistrationTest - Entered Email with random name...
10:14:52.099 [main] INFO  testCases.TC001_AccountRegistrationTest - Entered Password...
10:23:45.320 [main] INFO  testCases.TC001_AccountRegistrationTest - Staring TC001_AccountRegistrationTest...
10:23:46.741 [main] INFO  testCases.TC001_AccountRegistrationTest - Entered First Name...
10:23:46.890 [main] INFO  testCases.TC001_AccountRegistrationTest - Entered Last Name...
10:23:47.039 [main] INFO  testCases.TC001_AccountRegistrationTest - Entered Email with random name...
10:23:47.155 [main] INFO  testCases.TC001_AccountRegistrationTest - Entered Password...
10:58:42.865 [main] INFO  testCases.TC001_AccountRegistrationTest - Staring TC001_AccountRegistrationTest...
10:58:44.113 [main] INFO  testCases.TC001_AccountRegistrationTest - Entered First Name...
10:58:44.262 [main] INFO  testCases.TC001_AccountRegistrationTest - Entered Last Name...
10:58:44.412 [main] INFO  testCases.TC001_AccountRegistrationTest - Entered Email with random name...
10:58:44.527 [main] INFO  testCases.TC001_AccountRegistrationTest - Entered Password...
10:59:41.552 [main] INFO  testCases.TC001_AccountRegistrationTest - Staring TC001_AccountRegistrationTest...
10:59:50.462 [main] INFO  testCases.TC001_AccountRegistrationTest - Entered First Name...
10:59:50.522 [main] INFO  testCases.TC001_AccountRegistrationTest - Entered Last Name...
10:59:50.672 [main] INFO  testCases.TC001_AccountRegistrationTest - Entered Email with random name...
10:59:50.761 [main] INFO  testCases.TC001_AccountRegistrationTest - Entered Password...
11:00:32.515 [main] INFO  testCases.TC001_AccountRegistrationTest - Staring TC001_AccountRegistrationTest...
11:00:34.899 [main] INFO  testCases.TC001_AccountRegistrationTest - Entered First Name...
11:00:35.041 [main] INFO  testCases.TC001_AccountRegistrationTest - Entered Last Name...
11:00:35.199 [main] INFO  testCases.TC001_AccountRegistrationTest - Entered Email with random name...
11:00:35.351 [main] INFO  testCases.TC001_AccountRegistrationTest - Entered Password...
08:25:51.833 [TestNG-tests-2] INFO  testCases.TC001_AccountRegistrationTest - Staring TC001_AccountRegistrationTest...
08:25:52.645 [TestNG-tests-1] INFO  testCases.TC001_AccountRegistrationTest - Staring TC001_AccountRegistrationTest...
08:25:57.106 [TestNG-tests-2] INFO  testCases.TC001_AccountRegistrationTest - Entered First Name...
08:25:57.291 [TestNG-tests-1] INFO  testCases.TC001_AccountRegistrationTest - Entered First Name...
08:25:57.361 [TestNG-tests-2] INFO  testCases.TC001_AccountRegistrationTest - Entered Last Name...
08:25:57.576 [TestNG-tests-2] INFO  testCases.TC001_AccountRegistrationTest - Entered Email with random name...
08:25:57.726 [TestNG-tests-1] INFO  testCases.TC001_AccountRegistrationTest - Entered Last Name...
08:25:57.753 [TestNG-tests-2] INFO  testCases.TC001_AccountRegistrationTest - Entered Password...
08:25:57.950 [TestNG-tests-1] INFO  testCases.TC001_AccountRegistrationTest - Entered Email with random name...
08:25:58.134 [TestNG-tests-1] INFO  testCases.TC001_AccountRegistrationTest - Entered Password...
08:26:17.410 [TestNG-tests-3] INFO  testCases.TC001_AccountRegistrationTest - Staring TC001_AccountRegistrationTest...
08:26:22.450 [TestNG-tests-3] INFO  testCases.TC001_AccountRegistrationTest - Entered First Name...
08:26:22.482 [TestNG-tests-3] INFO  testCases.TC001_AccountRegistrationTest - Entered Last Name...
08:26:22.527 [TestNG-tests-3] INFO  testCases.TC001_AccountRegistrationTest - Entered Email with random name...
08:26:22.573 [TestNG-tests-3] INFO  testCases.TC001_AccountRegistrationTest - Entered Password...
08:39:12.515 [main] INFO  testCases.TC001_AccountRegistrationTest - Staring TC001_AccountRegistrationTest...
08:39:13.796 [main] INFO  testCases.TC001_AccountRegistrationTest - Entered First Name...
08:39:13.936 [main] INFO  testCases.TC001_AccountRegistrationTest - Entered Last Name...
08:39:14.082 [main] INFO  testCases.TC001_AccountRegistrationTest - Entered Email with random name...
08:39:14.197 [main] INFO  testCases.TC001_AccountRegistrationTest - Entered Password...
09:16:29.336 [main] INFO  testCases.TC001_AccountRegistrationTest - Staring TC001_AccountRegistrationTest...
09:16:30.856 [main] INFO  testCases.TC001_AccountRegistrationTest - Entered First Name...
09:16:30.993 [main] INFO  testCases.TC001_AccountRegistrationTest - Entered Last Name...
09:16:31.145 [main] INFO  testCases.TC001_AccountRegistrationTest - Entered Email with random name...
09:16:31.271 [main] INFO  testCases.TC001_AccountRegistrationTest - Entered Password...
09:19:02.775 [main] INFO  testCases.TC001_AccountRegistrationTest - Staring TC001_AccountRegistrationTest...
09:19:04.392 [main] INFO  testCases.TC001_AccountRegistrationTest - Entered First Name...
09:19:04.526 [main] INFO  testCases.TC001_AccountRegistrationTest - Entered Last Name...
09:19:04.526 [main] INFO  testCases.TC001_AccountRegistrationTest - Entered Email with random name...
09:19:04.650 [main] INFO  testCases.TC001_AccountRegistrationTest - Entered Password...
09:19:53.610 [main] INFO  testCases.TC001_AccountRegistrationTest - Staring TC001_AccountRegistrationTest...
09:19:55.456 [main] INFO  testCases.TC001_AccountRegistrationTest - Entered First Name...
09:19:55.579 [main] INFO  testCases.TC001_AccountRegistrationTest - Entered Last Name...
09:19:55.714 [main] INFO  testCases.TC001_AccountRegistrationTest - Entered Email with random name...
09:19:55.828 [main] INFO  testCases.TC001_AccountRegistrationTest - Entered Password...
09:20:37.391 [main] INFO  testCases.TC001_AccountRegistrationTest - Staring TC001_AccountRegistrationTest...
09:20:39.156 [main] INFO  testCases.TC001_AccountRegistrationTest - Entered First Name...
09:20:39.286 [main] INFO  testCases.TC001_AccountRegistrationTest - Entered Last Name...
09:22:52.143 [main] INFO  testCases.TC001_AccountRegistrationTest - Staring TC001_AccountRegistrationTest...
09:22:53.480 [main] INFO  testCases.TC001_AccountRegistrationTest - Entered First Name...
09:22:53.637 [main] INFO  testCases.TC001_AccountRegistrationTest - Entered Last Name...
09:22:53.637 [main] INFO  testCases.TC001_AccountRegistrationTest - Entered Email with random name...
09:22:53.782 [main] INFO  testCases.TC001_AccountRegistrationTest - Entered Password...
10:02:18.724 [main] INFO  testCases.TC001_AccountRegistrationTest - Staring TC001_AccountRegistrationTest...
10:02:20.030 [main] INFO  testCases.TC001_AccountRegistrationTest - Entered First Name...
10:02:20.158 [main] INFO  testCases.TC001_AccountRegistrationTest - Entered Last Name...
10:02:20.305 [main] INFO  testCases.TC001_AccountRegistrationTest - Entered Email with random name...
10:02:20.418 [main] INFO  testCases.TC001_AccountRegistrationTest - Entered Password...
07:19:27.513 [main] INFO  testCases.TC001_AccountRegistrationTest - Staring TC001_AccountRegistrationTest...
07:19:31.432 [main] INFO  testCases.TC001_AccountRegistrationTest - Entered First Name...
07:19:31.551 [main] INFO  testCases.TC001_AccountRegistrationTest - Entered Last Name...
07:19:31.820 [main] INFO  testCases.TC001_AccountRegistrationTest - Entered Email with random name...
07:19:31.937 [main] INFO  testCases.TC001_AccountRegistrationTest - Entered Password...
07:34:03.336 [main] INFO  testCases.TC001_AccountRegistrationTest - Staring TC001_AccountRegistrationTest...
07:34:05.600 [main] INFO  testCases.TC001_AccountRegistrationTest - Entered First Name...
07:34:05.737 [main] INFO  testCases.TC001_AccountRegistrationTest - Entered Last Name...
07:34:05.891 [main] INFO  testCases.TC001_AccountRegistrationTest - Entered Email with random name...
07:34:06.012 [main] INFO  testCases.TC001_AccountRegistrationTest - Entered Email with random phone number...
07:34:06.129 [main] INFO  testCases.TC001_AccountRegistrationTest - Entered Password...
07:34:06.268 [main] INFO  testCases.TC001_AccountRegistrationTest - Entered Password again for confirmation...
07:37:18.474 [main] INFO  testCases.TC001_AccountRegistrationTest - Staring TC001_AccountRegistrationTest...
07:37:20.447 [main] INFO  testCases.TC001_AccountRegistrationTest - Entered First Name...
07:37:20.590 [main] INFO  testCases.TC001_AccountRegistrationTest - Entered Last Name...
07:37:20.763 [main] INFO  testCases.TC001_AccountRegistrationTest - Entered Email with random name...
07:37:20.913 [main] INFO  testCases.TC001_AccountRegistrationTest - Entered Email with random phone number...
07:37:21.031 [main] INFO  testCases.TC001_AccountRegistrationTest - Entered Password...
07:37:21.181 [main] INFO  testCases.TC001_AccountRegistrationTest - Entered Password again for confirmation...
07:37:23.982 [main] INFO  testCases.TC001_AccountRegistrationTest - Clicked on Continue button
07:41:48.722 [main] INFO  testCases.TC001_AccountRegistrationTest - Staring TC001_AccountRegistrationTest...
07:41:51.222 [main] INFO  testCases.TC001_AccountRegistrationTest - Entered First Name...
07:41:51.346 [main] INFO  testCases.TC001_AccountRegistrationTest - Entered Last Name...
07:41:51.545 [main] INFO  testCases.TC001_AccountRegistrationTest - Entered Email with random name...
07:41:51.688 [main] INFO  testCases.TC001_AccountRegistrationTest - Entered Email with random phone number...
07:41:51.810 [main] INFO  testCases.TC001_AccountRegistrationTest - Entered Password...
07:41:51.947 [main] INFO  testCases.TC001_AccountRegistrationTest - Entered Password again for confirmation...
07:41:55.641 [main] INFO  testCases.TC001_AccountRegistrationTest - Clicked on Continue button
07:42:12.942 [main] INFO  testCases.TC002_LoginTest - ****************** Finished TC002 ******************
08:55:34.262 [main] INFO  testCases.TC001_AccountRegistrationTest - Staring TC001_AccountRegistrationTest...
08:55:39.208 [main] INFO  testCases.TC001_AccountRegistrationTest - Entered First Name...
08:55:39.323 [main] INFO  testCases.TC001_AccountRegistrationTest - Entered Last Name...
08:55:39.465 [main] INFO  testCases.TC001_AccountRegistrationTest - Entered Email with random name...
08:55:39.597 [main] INFO  testCases.TC001_AccountRegistrationTest - Entered Email with random phone number...
08:55:39.727 [main] INFO  testCases.TC001_AccountRegistrationTest - Entered Password...
08:55:39.861 [main] INFO  testCases.TC001_AccountRegistrationTest - Entered Password again for confirmation...
08:55:43.931 [main] INFO  testCases.TC001_AccountRegistrationTest - Clicked on Continue button
08:55:54.659 [main] INFO  testCases.TC002_LoginTest - ****************** Finished TC002 ******************
09:34:05.503 [main] INFO  testCases.TC001_AccountRegistrationTest - Staring TC001_AccountRegistrationTest...
09:34:07.471 [main] INFO  testCases.TC001_AccountRegistrationTest - Entered First Name...
09:34:07.608 [main] INFO  testCases.TC001_AccountRegistrationTest - Entered Last Name...
09:34:07.768 [main] INFO  testCases.TC001_AccountRegistrationTest - Entered Email with random name...
09:34:07.910 [main] INFO  testCases.TC001_AccountRegistrationTest - Entered Email with random phone number...
09:34:08.031 [main] INFO  testCases.TC001_AccountRegistrationTest - Entered Password...
09:34:08.175 [main] INFO  testCases.TC001_AccountRegistrationTest - Entered Password again for confirmation...
09:34:11.448 [main] INFO  testCases.TC001_AccountRegistrationTest - Clicked on Continue button
09:34:21.791 [main] INFO  testCases.TC002_LoginTest - ****************** Finished TC002 ******************
09:49:53.213 [main] INFO  testCases.TC001_AccountRegistrationTest - Staring TC001_AccountRegistrationTest...
09:49:57.398 [main] INFO  testCases.TC001_AccountRegistrationTest - Entered First Name...
09:49:57.512 [main] INFO  testCases.TC001_AccountRegistrationTest - Entered Last Name...
09:49:57.745 [main] INFO  testCases.TC001_AccountRegistrationTest - Entered Email with random name...
09:49:57.887 [main] INFO  testCases.TC001_AccountRegistrationTest - Entered Email with random phone number...
09:49:58.010 [main] INFO  testCases.TC001_AccountRegistrationTest - Entered Password...
09:49:58.144 [main] INFO  testCases.TC001_AccountRegistrationTest - Entered Password again for confirmation...
09:50:01.770 [main] INFO  testCases.TC001_AccountRegistrationTest - Clicked on Continue button
09:50:13.221 [main] INFO  testCases.TC002_LoginTest - ****************** Finished TC002 ******************
09:54:17.438 [main] INFO  testCases.TC001_AccountRegistrationTest - Staring TC001_AccountRegistrationTest...
09:54:20.707 [main] INFO  testCases.TC001_AccountRegistrationTest - Entered First Name...
09:54:21.025 [main] INFO  testCases.TC001_AccountRegistrationTest - Entered Last Name...
09:54:21.243 [main] INFO  testCases.TC001_AccountRegistrationTest - Entered Email with random name...
09:54:21.473 [main] INFO  testCases.TC001_AccountRegistrationTest - Entered Email with random phone number...
09:54:21.645 [main] INFO  testCases.TC001_AccountRegistrationTest - Entered Password...
09:54:21.942 [main] INFO  testCases.TC001_AccountRegistrationTest - Entered Password again for confirmation...
09:54:25.469 [main] INFO  testCases.TC001_AccountRegistrationTest - Clicked on Continue button
09:54:35.961 [main] INFO  testCases.TC002_LoginTest - ****************** Finished TC002 ******************
07:50:43.793 [main] INFO  testCases.TC001_AccountRegistrationTest - Staring TC001_AccountRegistrationTest...
07:50:47.493 [main] INFO  testCases.TC001_AccountRegistrationTest - Entered First Name...
07:50:47.639 [main] INFO  testCases.TC001_AccountRegistrationTest - Entered Last Name...
07:50:47.835 [main] INFO  testCases.TC001_AccountRegistrationTest - Entered Email with random name...
07:50:47.958 [main] INFO  testCases.TC001_AccountRegistrationTest - Entered Email with random phone number...
07:50:48.082 [main] INFO  testCases.TC001_AccountRegistrationTest - Entered Password...
07:50:48.206 [main] INFO  testCases.TC001_AccountRegistrationTest - Entered Password again for confirmation...
07:50:53.627 [main] INFO  testCases.TC001_AccountRegistrationTest - Clicked on Continue button
07:51:08.323 [main] INFO  testCases.TC002_LoginTest - ****************** Finished TC002 ******************
07:54:16.452 [main] INFO  testCases.TC001_AccountRegistrationTest - Staring TC001_AccountRegistrationTest...
07:54:17.871 [main] INFO  testCases.TC001_AccountRegistrationTest - Entered First Name...
07:54:18.007 [main] INFO  testCases.TC001_AccountRegistrationTest - Entered Last Name...
07:54:18.168 [main] INFO  testCases.TC001_AccountRegistrationTest - Entered Email with random name...
07:54:18.306 [main] INFO  testCases.TC001_AccountRegistrationTest - Entered Email with random phone number...
07:54:18.440 [main] INFO  testCases.TC001_AccountRegistrationTest - Entered Password...
07:54:18.566 [main] INFO  testCases.TC001_AccountRegistrationTest - Entered Password again for confirmation...
07:54:21.587 [main] INFO  testCases.TC001_AccountRegistrationTest - Clicked on Continue button
07:54:35.608 [main] INFO  testCases.TC002_LoginTest - ****************** Finished TC002 ******************
